<?xml version="1.0" encoding="UTF-8"?>
<!-- Generated by org.testng.reporters.JUnitReportReporter -->
<testsuite hostname="DESKTOP-RJBBDI9" failures="0" tests="3" name="testCases.TestCaseWorkersTab" time="26.303" errors="0" timestamp="2023-09-19T16:44:59 IST" skipped="0">
  <testcase classname="testCases.TestCaseWorkersTab" name="verifyBorderColourOfSearchButton" time="6.554"/>
  <testcase classname="testCases.TestCaseWorkersTab" name="createWorker" time="11.395"/>
  <testcase classname="testCases.TestCaseWorkersTab" name="verifyDeleteText" time="8.354"/>
</testsuite> <!-- testCases.TestCaseWorkersTab -->
