<?xml version="1.0" encoding="UTF-8"?>
<!-- Generated by org.testng.reporters.JUnitReportReporter -->
<testsuite hostname="DESKTOP-RJBBDI9" failures="0" tests="1" name="testCases.ClientTestCases" time="11.708" errors="0" timestamp="2023-09-20T20:50:47 IST" skipped="0">
  <testcase classname="testCases.ClientTestCases" name="verifyTextOfSearch" time="11.708"/>
</testsuite> <!-- testCases.ClientTestCases -->
